[INFO  - 2016-10-02T11:42:41.593Z] GhostDriver - Main - running on port 59341
[INFO  - 2016-10-02T11:42:41.713Z] Session [53b256c0-8895-11e6-866c-1b9bef4c8d1f] - page.settings - {"XSSAuditingEnabled":false,"javascriptCanCloseWindows":true,"javascriptCanOpenWindows":true,"javascriptEnabled":true,"loadImages":true,"localToRemoteUrlAccessEnabled":false,"userAgent":"Mozilla/5.0 (Macintosh; Intel Mac OS X) AppleWebKit/538.1 (KHTML, like Gecko) PhantomJS/2.1.1 Safari/538.1","webSecurityEnabled":true}
[INFO  - 2016-10-02T11:42:41.713Z] Session [53b256c0-8895-11e6-866c-1b9bef4c8d1f] - page.customHeaders:  - {}
[INFO  - 2016-10-02T11:42:41.713Z] Session [53b256c0-8895-11e6-866c-1b9bef4c8d1f] - Session.negotiatedCapabilities - {"browserName":"phantomjs","version":"2.1.1","driverName":"ghostdriver","driverVersion":"1.2.0","platform":"mac-unknown-64bit","javascriptEnabled":true,"takesScreenshot":true,"handlesAlerts":false,"databaseEnabled":false,"locationContextEnabled":false,"applicationCacheEnabled":false,"browserConnectionEnabled":false,"cssSelectorsEnabled":true,"webStorageEnabled":false,"rotatable":false,"acceptSslCerts":false,"nativeEvents":true,"proxy":{"proxyType":"direct"}}
[INFO  - 2016-10-02T11:42:41.714Z] SessionManagerReqHand - _postNewSessionCommand - New Session Created: 53b256c0-8895-11e6-866c-1b9bef4c8d1f
[ERROR - 2016-10-02T11:42:51.495Z] Session [53b256c0-8895-11e6-866c-1b9bef4c8d1f] - page.onError - msg: Exception in queued GPT command TypeError: undefined is not an object (evaluating 'targets.length')

  phantomjs://platform/console++.js:263 in error
[ERROR - 2016-10-02T11:42:51.495Z] Session [53b256c0-8895-11e6-866c-1b9bef4c8d1f] - page.onError - stack:
  push (http://partner.googleadservices.com/gpt/pubads_impl_95.js:60)

  phantomjs://platform/console++.js:263 in error
[ERROR - 2016-10-02T11:42:53.619Z] Session [53b256c0-8895-11e6-866c-1b9bef4c8d1f] - page.onError - msg: ReferenceError: Can't find variable: regNum

  phantomjs://platform/console++.js:263 in error
[ERROR - 2016-10-02T11:42:53.619Z] Session [53b256c0-8895-11e6-866c-1b9bef4c8d1f] - page.onError - stack:
  global code (http://stats.nba.com/game/#!/0041500407/:30)
  write (:0)
  ll (http://partner.googleadservices.com/gpt/pubads_impl_95.js:180)
  Zl (http://partner.googleadservices.com/gpt/pubads_impl_95.js:208)
  Wl (http://partner.googleadservices.com/gpt/pubads_impl_95.js:207)
  P (http://partner.googleadservices.com/gpt/pubads_impl_95.js:205)
  G (http://partner.googleadservices.com/gpt/pubads_impl_95.js:11)
  Kl (http://partner.googleadservices.com/gpt/pubads_impl_95.js:201)
  (anonymous function) (http://partner.googleadservices.com/gpt/pubads_impl_95.js:231)
  callbackProxy (http://stats.nba.com/game/#!/0041500407/:1)

  phantomjs://platform/console++.js:263 in error
